  Primitives.cpp
  main.cpp
  ofApp.cpp
  Info: Boost.Config is older than your compiler version - probably nothing bad will happen - but you may wish to look for an update Boost version.  Define BOOST_CONFIG_SUPPRESS_OUTDATED_MESSAGE to suppress this message.
  Info: Boost.Config is older than your compiler version - probably nothing bad will happen - but you may wish to look for an update Boost version.  Define BOOST_CONFIG_SUPPRESS_OUTDATED_MESSAGE to suppress this message.
  Info: Boost.Config is older than your compiler version - probably nothing bad will happen - but you may wish to look for an update Boost version.  Define BOOST_CONFIG_SUPPRESS_OUTDATED_MESSAGE to suppress this message.
C:\Users\xnadi\Desktop\of_v0.11.2_vs2017_release\libs\openFrameworks\math\ofMatrix4x4.h(326,1): warning C4267: 'argument': conversion from 'size_t' to 'int', possible loss of data (compiling source file src\main.cpp)
C:\Users\xnadi\Desktop\of_v0.11.2_vs2017_release\libs\openFrameworks\math\ofMatrix4x4.h(331,1): warning C4267: 'argument': conversion from 'size_t' to 'int', possible loss of data (compiling source file src\main.cpp)
C:\Users\xnadi\Desktop\of_v0.11.2_vs2017_release\libs\openFrameworks\math\ofMatrix4x4.h(912,12): warning C4267: 'argument': conversion from 'size_t' to 'int', possible loss of data (compiling source file src\main.cpp)
C:\Users\xnadi\Desktop\of_v0.11.2_vs2017_release\libs\openFrameworks\math\ofMatrix4x4.h(913,12): warning C4267: 'argument': conversion from 'size_t' to 'int', possible loss of data (compiling source file src\main.cpp)
C:\Users\xnadi\Desktop\of_v0.11.2_vs2017_release\libs\openFrameworks\math\ofMatrix4x4.h(914,12): warning C4267: 'argument': conversion from 'size_t' to 'int', possible loss of data (compiling source file src\main.cpp)
C:\Users\xnadi\Desktop\of_v0.11.2_vs2017_release\libs\openFrameworks\math\ofMatrix4x4.h(915,12): warning C4267: 'argument': conversion from 'size_t' to 'int', possible loss of data (compiling source file src\main.cpp)
C:\Users\xnadi\Desktop\of_v0.11.2_vs2017_release\libs\openFrameworks\math\ofMatrix4x4.h(326,1): warning C4267: 'argument': conversion from 'size_t' to 'int', possible loss of data (compiling source file src\Primitives.cpp)
C:\Users\xnadi\Desktop\of_v0.11.2_vs2017_release\libs\openFrameworks\math\ofMatrix4x4.h(331,1): warning C4267: 'argument': conversion from 'size_t' to 'int', possible loss of data (compiling source file src\Primitives.cpp)
C:\Users\xnadi\Desktop\of_v0.11.2_vs2017_release\libs\openFrameworks\math\ofMatrix4x4.h(912,12): warning C4267: 'argument': conversion from 'size_t' to 'int', possible loss of data (compiling source file src\Primitives.cpp)
C:\Users\xnadi\Desktop\of_v0.11.2_vs2017_release\libs\openFrameworks\math\ofMatrix4x4.h(913,12): warning C4267: 'argument': conversion from 'size_t' to 'int', possible loss of data (compiling source file src\Primitives.cpp)
C:\Users\xnadi\Desktop\of_v0.11.2_vs2017_release\libs\openFrameworks\math\ofMatrix4x4.h(914,12): warning C4267: 'argument': conversion from 'size_t' to 'int', possible loss of data (compiling source file src\Primitives.cpp)
C:\Users\xnadi\Desktop\of_v0.11.2_vs2017_release\libs\openFrameworks\math\ofMatrix4x4.h(915,12): warning C4267: 'argument': conversion from 'size_t' to 'int', possible loss of data (compiling source file src\Primitives.cpp)
C:\Users\xnadi\Desktop\of_v0.11.2_vs2017_release\libs\openFrameworks\math\ofMatrix4x4.h(326,1): warning C4267: 'argument': conversion from 'size_t' to 'int', possible loss of data (compiling source file src\ofApp.cpp)
C:\Users\xnadi\Desktop\of_v0.11.2_vs2017_release\libs\openFrameworks\math\ofMatrix4x4.h(331,1): warning C4267: 'argument': conversion from 'size_t' to 'int', possible loss of data (compiling source file src\ofApp.cpp)
C:\Users\xnadi\Desktop\of_v0.11.2_vs2017_release\libs\openFrameworks\math\ofMatrix4x4.h(912,12): warning C4267: 'argument': conversion from 'size_t' to 'int', possible loss of data (compiling source file src\ofApp.cpp)
C:\Users\xnadi\Desktop\of_v0.11.2_vs2017_release\libs\openFrameworks\math\ofMatrix4x4.h(913,12): warning C4267: 'argument': conversion from 'size_t' to 'int', possible loss of data (compiling source file src\ofApp.cpp)
C:\Users\xnadi\Desktop\of_v0.11.2_vs2017_release\libs\openFrameworks\math\ofMatrix4x4.h(914,12): warning C4267: 'argument': conversion from 'size_t' to 'int', possible loss of data (compiling source file src\ofApp.cpp)
C:\Users\xnadi\Desktop\of_v0.11.2_vs2017_release\libs\openFrameworks\math\ofMatrix4x4.h(915,12): warning C4267: 'argument': conversion from 'size_t' to 'int', possible loss of data (compiling source file src\ofApp.cpp)
     Creating library bin\CS116A_FinalProj.lib and object bin\CS116A_FinalProj.exp
  LINK : /LTCG specified but no code generation required; remove /LTCG from the link command line to improve linker performance
  CS116A_FinalProj.vcxproj -> C:\Users\xnadi\Desktop\of_v0.11.2_vs2017_release\apps\myApps\CS116A_FinalProj\bin\CS116A_FinalProj.exe
  
  	                   2	C:\Users\xnadi\Desktop\of_v0.11.2_vs2017_release\libs\fmod\lib\vs\x64\
  	  *EXTRA File 		 3385856	C:\Users\xnadi\Desktop\of_v0.11.2_vs2017_release\apps\myApps\CS116A_FinalProj\bin\assimp32.dll
  	  *EXTRA File 		 4161536	C:\Users\xnadi\Desktop\of_v0.11.2_vs2017_release\apps\myApps\CS116A_FinalProj\bin\assimp64.dll
  	  *EXTRA File 		 6942208	C:\Users\xnadi\Desktop\of_v0.11.2_vs2017_release\apps\myApps\CS116A_FinalProj\bin\FreeImage.dll
  
  	                   1	C:\Users\xnadi\Desktop\of_v0.11.2_vs2017_release\libs\FreeImage\lib\vs\x64\
  	  *EXTRA File 		 3385856	C:\Users\xnadi\Desktop\of_v0.11.2_vs2017_release\apps\myApps\CS116A_FinalProj\bin\assimp32.dll
  	  *EXTRA File 		 4161536	C:\Users\xnadi\Desktop\of_v0.11.2_vs2017_release\apps\myApps\CS116A_FinalProj\bin\assimp64.dll
  	  *EXTRA File 		 1826304	C:\Users\xnadi\Desktop\of_v0.11.2_vs2017_release\apps\myApps\CS116A_FinalProj\bin\fmod.dll
  	  *EXTRA File 		 2041856	C:\Users\xnadi\Desktop\of_v0.11.2_vs2017_release\apps\myApps\CS116A_FinalProj\bin\fmodL.dll
